1652434563.643041 client started (547117): version 3.0a, socket /tmp/tmux-1000/default, protocol 8
1652434563.643108 on Linux 5.13.0-40-generic #45~20.04.1-Ubuntu SMP Mon Apr 4 09:38:31 UTC 2022; libevent 2.1.11-stable (poll)
1652434563.643163 socket is /tmp/tmux-1000/default
1652434563.643190 trying connect
1652434563.643359 add peer 0x565065400a00: 7 ((nil))
1652434563.643542 sending message 100 to peer 0x565065400a00 (4 bytes)
1652434563.643562 sending message 101 to peer 0x565065400a00 (15 bytes)
1652434563.643573 sending message 102 to peer 0x565065400a00 (11 bytes)
1652434563.643583 sending message 108 to peer 0x565065400a00 (41 bytes)
1652434563.643596 sending message 104 to peer 0x565065400a00 (0 bytes)
1652434563.643609 sending message 107 to peer 0x565065400a00 (4 bytes)
1652434563.643619 sending message 105 to peer 0x565065400a00 (20 bytes)
1652434563.643630 sending message 105 to peer 0x565065400a00 (54 bytes)
1652434563.643640 sending message 105 to peer 0x565065400a00 (23 bytes)
1652434563.643651 sending message 105 to peer 0x565065400a00 (11 bytes)
1652434563.643661 sending message 105 to peer 0x565065400a00 (18 bytes)
1652434563.643672 sending message 105 to peer 0x565065400a00 (49 bytes)
1652434563.643682 sending message 105 to peer 0x565065400a00 (96 bytes)
1652434563.643692 sending message 105 to peer 0x565065400a00 (24 bytes)
1652434563.643702 sending message 105 to peer 0x565065400a00 (33 bytes)
1652434563.643712 sending message 105 to peer 0x565065400a00 (44 bytes)
1652434563.643722 sending message 105 to peer 0x565065400a00 (32 bytes)
1652434563.643732 sending message 105 to peer 0x565065400a00 (86 bytes)
1652434563.643742 sending message 105 to peer 0x565065400a00 (30 bytes)
1652434563.643759 sending message 105 to peer 0x565065400a00 (52 bytes)
1652434563.643769 sending message 105 to peer 0x565065400a00 (28 bytes)
1652434563.643779 sending message 105 to peer 0x565065400a00 (24 bytes)
1652434563.643789 sending message 105 to peer 0x565065400a00 (18 bytes)
1652434563.643799 sending message 105 to peer 0x565065400a00 (47 bytes)
1652434563.643809 sending message 105 to peer 0x565065400a00 (46 bytes)
1652434563.643819 sending message 105 to peer 0x565065400a00 (25 bytes)
1652434563.643828 sending message 105 to peer 0x565065400a00 (17 bytes)
1652434563.643838 sending message 105 to peer 0x565065400a00 (8 bytes)
1652434563.643848 sending message 105 to peer 0x565065400a00 (21 bytes)
1652434563.643858 sending message 105 to peer 0x565065400a00 (32 bytes)
1652434563.643869 sending message 105 to peer 0x565065400a00 (1506 bytes)
1652434563.643906 sending message 105 to peer 0x565065400a00 (18 bytes)
1652434563.643918 sending message 105 to peer 0x565065400a00 (46 bytes)
1652434563.643928 sending message 105 to peer 0x565065400a00 (48 bytes)
1652434563.643939 sending message 105 to peer 0x565065400a00 (11 bytes)
1652434563.643949 sending message 105 to peer 0x565065400a00 (283 bytes)
1652434563.643960 sending message 105 to peer 0x565065400a00 (45 bytes)
1652434563.643971 sending message 105 to peer 0x565065400a00 (19 bytes)
1652434563.643981 sending message 105 to peer 0x565065400a00 (18 bytes)
1652434563.643991 sending message 105 to peer 0x565065400a00 (24 bytes)
1652434563.644002 sending message 105 to peer 0x565065400a00 (126 bytes)
1652434563.644012 sending message 105 to peer 0x565065400a00 (19 bytes)
1652434563.644022 sending message 105 to peer 0x565065400a00 (8 bytes)
1652434563.644033 sending message 105 to peer 0x565065400a00 (21 bytes)
1652434563.644043 sending message 105 to peer 0x565065400a00 (41 bytes)
1652434563.644053 sending message 105 to peer 0x565065400a00 (20 bytes)
1652434563.644063 sending message 105 to peer 0x565065400a00 (37 bytes)
1652434563.644085 sending message 105 to peer 0x565065400a00 (14 bytes)
1652434563.644089 sending message 105 to peer 0x565065400a00 (18 bytes)
1652434563.644092 sending message 105 to peer 0x565065400a00 (22 bytes)
1652434563.644096 sending message 105 to peer 0x565065400a00 (17 bytes)
1652434563.644099 sending message 105 to peer 0x565065400a00 (13 bytes)
1652434563.644109 sending message 105 to peer 0x565065400a00 (41 bytes)
1652434563.644113 sending message 105 to peer 0x565065400a00 (45 bytes)
1652434563.644117 sending message 105 to peer 0x565065400a00 (33 bytes)
1652434563.644120 sending message 105 to peer 0x565065400a00 (85 bytes)
1652434563.644124 sending message 105 to peer 0x565065400a00 (23 bytes)
1652434563.644127 sending message 105 to peer 0x565065400a00 (31 bytes)
1652434563.644131 sending message 105 to peer 0x565065400a00 (23 bytes)
1652434563.644134 sending message 105 to peer 0x565065400a00 (27 bytes)
1652434563.644138 sending message 105 to peer 0x565065400a00 (21 bytes)
1652434563.644142 sending message 105 to peer 0x565065400a00 (20 bytes)
1652434563.644145 sending message 105 to peer 0x565065400a00 (34 bytes)
1652434563.644148 sending message 105 to peer 0x565065400a00 (16 bytes)
1652434563.644152 sending message 105 to peer 0x565065400a00 (86 bytes)
1652434563.644156 sending message 105 to peer 0x565065400a00 (107 bytes)
1652434563.644159 sending message 105 to peer 0x565065400a00 (32 bytes)
1652434563.644163 sending message 105 to peer 0x565065400a00 (24 bytes)
1652434563.644166 sending message 105 to peer 0x565065400a00 (22 bytes)
1652434563.644170 sending message 105 to peer 0x565065400a00 (29 bytes)
1652434563.644173 sending message 106 to peer 0x565065400a00 (0 bytes)
1652434563.644177 sending message 200 to peer 0x565065400a00 (4 bytes)
1652434563.644181 client loop enter
1652434563.644613 peer 0x565065400a00 message 211
1652434563.644625 client_write: sessions should be nested with care, unset $TMUX to force\n
1652434563.644637 peer 0x565065400a00 message 203
1652434563.644642 client loop exit
